<?xml version="1.0" encoding="UTF-8"?>
<!-- Generated by org.testng.reporters.JUnitReportReporter -->
<testsuite hostname="igor-ПК" name="employee.Testmethods2" tests="6" failures="0" timestamp="6 Nov 2015 18:54:59 GMT" time="0.024" errors="0">
  <testcase name="testCalculateSalary" time="0.002" classname="employee.Testmethods2"/>
  <testcase name="testGetNameEmployee" time="0.002" classname="employee.Testmethods2"/>
  <testcase name="testCalculateExperienceRatioException" time="0.010" classname="employee.Testmethods2"/>
  <testcase name="testGetAdressEmployee" time="0.006" classname="employee.Testmethods2"/>
  <testcase name="testTakeAdressEmployee" time="0.002" classname="employee.Testmethods2"/>
  <testcase name="testTakeDateOfBirthEmloyee" time="0.002" classname="employee.Testmethods2"/>
</testsuite> <!-- employee.Testmethods2 -->
