<?xml version="1.0" encoding="UTF-8"?>
<!-- Generated by org.testng.reporters.JUnitReportReporter -->
<testsuite hostname="igor-ПК" name="employee.Testmethods" tests="3" failures="0" timestamp="4 Nov 2015 11:57:24 GMT" time="0.015" errors="0">
  <testcase name="testGetDateOfBirthEmployee" time="0.001" classname="employee.Testmethods"/>
  <testcase name="testTakeNameEmployee" time="0.001" classname="employee.Testmethods"/>
  <testcase name="testCalculateExperienceRatio" time="0.013" classname="employee.Testmethods"/>
</testsuite> <!-- employee.Testmethods -->
