<?xml version="1.0" encoding="UTF-8"?>
<!-- Generated by org.testng.reporters.JUnitReportReporter -->
<testsuite hostname="igor-ПК" name="employee.Testmethods" tests="5" failures="0" timestamp="6 Nov 2015 18:54:59 GMT" time="0.080" errors="0">
  <testcase name="testCalculateTaxEmloyee" time="0.002" classname="employee.Testmethods"/>
  <testcase name="testTakeNameEmployee" time="0.002" classname="employee.Testmethods"/>
  <testcase name="testIsBirthdayBonus" time="0.001" classname="employee.Testmethods"/>
  <testcase name="testCalculateExperienceRatio" time="0.072" classname="employee.Testmethods"/>
  <testcase name="testGetDateOfBirthEmployee" time="0.003" classname="employee.Testmethods"/>
</testsuite> <!-- employee.Testmethods -->
