<?xml version="1.0" encoding="UTF-8"?>
<!-- Generated by org.testng.reporters.JUnitReportReporter -->
<testsuite hostname="igor-ПК" name="employee.TestNgMavenExampleTest" tests="1" failures="0" timestamp="2 Nov 2015 00:33:16 GMT" time="0.077" errors="0">
  <testcase name="exampleOfTestNgMaven" time="0.077" classname="employee.TestNgMavenExampleTest"/>
</testsuite> <!-- employee.TestNgMavenExampleTest -->
